Generator === rst : 1 , d : 1
Generator === rst : 1 , d : 1
Generator === rst : 1 , d : 0
Generator === rst : 1 , d : 0
Generator === rst : 0 , d : 1
Generator === rst : 1 , d : 0
Generator === rst : 1 , d : 1
Generator === rst : 1 , d : 1
Generator === rst : 0 , d : 1
Generator === rst : 1 , d : 0
monitor === rst : 0 , q : 0 , d : 0
==================================================
==============VERIFICATION REPORT ================

============ INPUT GENERATED ===================
 -------------------------------------------------

 D = 0

 rst = 0

====== EXPECTED OUTPUT (REFERENCE MODEL)========

 exp_q = 0

========= ACTUAL OUTPUT (DUT)===================

  act_q = 0

==================== RESULT=====================
 ======  PASS : DUT O/P MATCHES EXP O/P ======= 

================================================

================================================
driver === rst : 1 , d : 1
monitor === rst : 1 , q : 1 , d : 1
==================================================
==============VERIFICATION REPORT ================

============ INPUT GENERATED ===================
 -------------------------------------------------

 D = 1

 rst = 1

====== EXPECTED OUTPUT (REFERENCE MODEL)========

 exp_q = 1

========= ACTUAL OUTPUT (DUT)===================

  act_q = 1

==================== RESULT=====================
 ======  PASS : DUT O/P MATCHES EXP O/P ======= 

================================================

================================================
driver === rst : 1 , d : 1
monitor === rst : 1 , q : 1 , d : 1
==================================================
==============VERIFICATION REPORT ================

============ INPUT GENERATED ===================
 -------------------------------------------------

 D = 1

 rst = 1

====== EXPECTED OUTPUT (REFERENCE MODEL)========

 exp_q = 1

========= ACTUAL OUTPUT (DUT)===================

  act_q = 1

==================== RESULT=====================
 ======  PASS : DUT O/P MATCHES EXP O/P ======= 

================================================

================================================
driver === rst : 1 , d : 0
monitor === rst : 1 , q : 0 , d : 0
==================================================
==============VERIFICATION REPORT ================

============ INPUT GENERATED ===================
 -------------------------------------------------

 D = 0

 rst = 1

====== EXPECTED OUTPUT (REFERENCE MODEL)========

 exp_q = 0

========= ACTUAL OUTPUT (DUT)===================

  act_q = 0

==================== RESULT=====================
 ======  PASS : DUT O/P MATCHES EXP O/P ======= 

================================================

================================================
driver === rst : 1 , d : 0
monitor === rst : 1 , q : 0 , d : 0
==================================================
==============VERIFICATION REPORT ================

============ INPUT GENERATED ===================
 -------------------------------------------------

 D = 0

 rst = 1

====== EXPECTED OUTPUT (REFERENCE MODEL)========

 exp_q = 0

========= ACTUAL OUTPUT (DUT)===================

  act_q = 0

==================== RESULT=====================
 ======  PASS : DUT O/P MATCHES EXP O/P ======= 

================================================

================================================
driver === rst : 0 , d : 1
monitor === rst : 0 , q : 0 , d : 1
==================================================
==============VERIFICATION REPORT ================

============ INPUT GENERATED ===================
 -------------------------------------------------

 D = 1

 rst = 0

====== EXPECTED OUTPUT (REFERENCE MODEL)========

 exp_q = 0

========= ACTUAL OUTPUT (DUT)===================

  act_q = 0

==================== RESULT=====================
 ======  PASS : DUT O/P MATCHES EXP O/P ======= 

================================================

================================================
driver === rst : 1 , d : 0
monitor === rst : 1 , q : 0 , d : 0
==================================================
==============VERIFICATION REPORT ================

============ INPUT GENERATED ===================
 -------------------------------------------------

 D = 0

 rst = 1

====== EXPECTED OUTPUT (REFERENCE MODEL)========

 exp_q = 0

========= ACTUAL OUTPUT (DUT)===================

  act_q = 0

==================== RESULT=====================
 ======  PASS : DUT O/P MATCHES EXP O/P ======= 

================================================

================================================
driver === rst : 1 , d : 1
monitor === rst : 1 , q : 1 , d : 1
==================================================
==============VERIFICATION REPORT ================

============ INPUT GENERATED ===================
 -------------------------------------------------

 D = 1

 rst = 1

====== EXPECTED OUTPUT (REFERENCE MODEL)========

 exp_q = 1

========= ACTUAL OUTPUT (DUT)===================

  act_q = 1

==================== RESULT=====================
 ======  PASS : DUT O/P MATCHES EXP O/P ======= 

================================================

================================================
driver === rst : 1 , d : 1
monitor === rst : 1 , q : 1 , d : 1
==================================================
==============VERIFICATION REPORT ================

============ INPUT GENERATED ===================
 -------------------------------------------------

 D = 1

 rst = 1

====== EXPECTED OUTPUT (REFERENCE MODEL)========

 exp_q = 1

========= ACTUAL OUTPUT (DUT)===================

  act_q = 1

==================== RESULT=====================
 ======  PASS : DUT O/P MATCHES EXP O/P ======= 

================================================

================================================
driver === rst : 0 , d : 1
monitor === rst : 0 , q : 0 , d : 1
==================================================
==============VERIFICATION REPORT ================

============ INPUT GENERATED ===================
 -------------------------------------------------

 D = 1

 rst = 0

====== EXPECTED OUTPUT (REFERENCE MODEL)========

 exp_q = 0

========= ACTUAL OUTPUT (DUT)===================

  act_q = 0

==================== RESULT=====================
 ======  PASS : DUT O/P MATCHES EXP O/P ======= 

================================================

================================================
